#
# A fatal error has been detected by the Java Runtime Environment:
#
#  EXCEPTION_ACCESS_VIOLATION (0xc0000005) at pc=0x0000000074ca19e1, pid=8248, tid=0x0000000000002410
#
# JRE version: OpenJDK Runtime Environment (8.0_212-b04) (build 1.8.0_212-release-1586-b04)
# Java VM: OpenJDK 64-Bit Server VM (25.212-b04 mixed mode windows-amd64 compressed oops)
# Problematic frame:
# V  [jvm.dll+0x4219e1]
#
# Failed to write core dump. Minidumps are not enabled by default on client versions of Windows
#
# If you would like to submit a bug report, please visit:
#   
#

---------------  T H R E A D  ---------------

Current thread (0x0000000016a5d800):  JavaThread "C2 CompilerThread0" daemon [_thread_in_native, id=9232, stack(0x00000000180d0000,0x00000000181d0000)]

siginfo: ExceptionCode=0xc0000005, reading address 0x000000011c435f40

Registers:
RAX=0x000000011c435f18, RBX=0x000000001c435ed8, RCX=0x000000001c435ed8, RDX=0x0000000000000000
RSP=0x00000000181cc380, RBP=0x000000011c435f18, RSI=0x0000000000000001, RDI=0x00000000181ceab8
R8 =0x000000001f91b330, R9 =0x0000000000000000, R10=0x000000001f91a1b0, R11=0x0000000000000002
R12=0x000000001f91b330, R13=0x0000000074ea89f8, R14=0x00000000181cc4e0, R15=0x00000000000001ce
RIP=0x0000000074ca19e1, EFLAGS=0x0000000000010206

Top of Stack: (sp=0x00000000181cc380)
0x00000000181cc380:   000000001f91b330 000000001f91a160
0x00000000181cc390:   000000001f91a160 00000000181ceab8
0x00000000181cc3a0:   000000002957eb80 000000002958f110
0x00000000181cc3b0:   000000002957d5b0 0000000016a26440
0x00000000181cc3c0:   0000000074ebb338 0000000016a26440
0x00000000181cc3d0:   0000000000000200 0000000023c7d690
0x00000000181cc3e0:   00000000181cc6a0 0000000000249278
0x00000000181cc3f0:   0000000016a26440 00000000181cc4e0
0x00000000181cc400:   000000001e7d0bb0 0000000074ca3866
0x00000000181cc410:   00000000239d5010 00000000239d8340
0x00000000181cc420:   00000000239dcff8 000000001e7d0bb0
0x00000000181cc430:   0000000074e2b328 00000000181ce920
0x00000000181cc440:   0000000000000001 000000001dd5eff8
0x00000000181cc450:   0000000000000000 0000000074cc17a8
0x00000000181cc460:   00000000181ce920 00000000181cc560
0x00000000181cc470:   0000000000000001 0000000000000000 

Instructions: (pc=0x0000000074ca19e1)
0x0000000074ca19c1:   55 20 3b 55 24 75 08 48 8b cd e8 90 24 0a 00 8b
0x0000000074ca19d1:   4d 20 48 8b 45 10 4c 89 24 c8 ff 45 20 48 8b dd
0x0000000074ca19e1:   8b 4d 28 8b c1 c1 e8 05 3b 44 24 50 72 11 48 8b
0x0000000074ca19f1:   44 24 40 8b d1 48 8d 4c 24 40 ff 50 18 eb 30 48 


Register to memory mapping:

RAX=0x000000011c435f18 is an unknown value
RBX=0x000000001c435ed8 is an unknown value
RCX=0x000000001c435ed8 is an unknown value
RDX=0x0000000000000000 is an unknown value
RSP=0x00000000181cc380 is pointing into the stack for thread: 0x0000000016a5d800
RBP=0x000000011c435f18 is an unknown value
RSI=0x0000000000000001 is an unknown value
RDI=0x00000000181ceab8 is pointing into the stack for thread: 0x0000000016a5d800
R8 =0x000000001f91b330 is an unknown value
R9 =0x0000000000000000 is an unknown value
R10=0x000000001f91a1b0 is an unknown value
R11=0x0000000000000002 is an unknown value
R12=0x000000001f91b330 is an unknown value
R13=0x0000000074ea89f8 is an unknown value
R14=0x00000000181cc4e0 is pointing into the stack for thread: 0x0000000016a5d800
R15=0x00000000000001ce is an unknown value


Stack: [0x00000000180d0000,0x00000000181d0000],  sp=0x00000000181cc380,  free space=1008k
Native frames: (J=compiled Java code, j=interpreted, Vv=VM code, C=native code)
V  [jvm.dll+0x4219e1]
V  [jvm.dll+0x423866]
V  [jvm.dll+0x4417a8]
V  [jvm.dll+0x444198]
V  [jvm.dll+0x4272e2]
V  [jvm.dll+0x81fbf]
V  [jvm.dll+0x8291f]
V  [jvm.dll+0x21db3f]
V  [jvm.dll+0x26f53a]
C  [msvcr100.dll+0x21d9f]
C  [msvcr100.dll+0x21e3b]
C  [KERNEL32.DLL+0x17bd4]
C  [ntdll.dll+0x6ce51]


Current CompileTask:
C2:2341629 18240       4       org.gradle.execution.plan.DefaultPlanExecutor$ExecutorWorker$2::transform (9 bytes)


---------------  P R O C E S S  ---------------

Java Threads: ( => current thread )
  0x000000001c95c800 JavaThread "Cache worker for execution history cache (C:\Users\Admin\AndroidStudioProjects\TI2_Proyecto\.gradle\5.6.4\executionHistory)" [_thread_blocked, id=6376, stack(0x0000000025e50000,0x0000000025f50000)]
  0x000000001c959000 JavaThread "Execution worker for ':' Thread 3" [_thread_blocked, id=8488, stack(0x0000000025750000,0x0000000025850000)]
  0x000000001c953800 JavaThread "Execution worker for ':' Thread 2" [_thread_in_Java, id=2780, stack(0x00000000253e0000,0x00000000254e0000)]
  0x000000001c956000 JavaThread "Execution worker for ':'" [_thread_blocked, id=12432, stack(0x00000000250e0000,0x00000000251e0000)]
  0x000000001c957800 JavaThread "Cache worker for file content cache (C:\Users\Admin\AndroidStudioProjects\TI2_Proyecto\.gradle\5.6.4\fileContent)" [_thread_blocked, id=8780, stack(0x0000000024ee0000,0x0000000024fe0000)]
  0x000000001c958000 JavaThread "Cache worker for Build Output Cleanup Cache (C:\Users\Admin\AndroidStudioProjects\TI2_Proyecto\.gradle\buildOutputCleanup)" [_thread_blocked, id=2292, stack(0x00000000248e0000,0x00000000249e0000)]
  0x000000001c95a800 JavaThread "pool-11-thread-1" [_thread_blocked, id=10892, stack(0x00000000242e0000,0x00000000243e0000)]
  0x000000001c954800 JavaThread "Build operations Thread 4" [_thread_blocked, id=9816, stack(0x0000000023d80000,0x0000000023e80000)]
  0x000000001dde3000 JavaThread "Build operations Thread 3" [_thread_blocked, id=11580, stack(0x0000000022c80000,0x0000000022d80000)]
  0x000000001dde8000 JavaThread "Build operations Thread 2" [_thread_blocked, id=12676, stack(0x0000000021aa0000,0x0000000021ba0000)]
  0x000000001dde6800 JavaThread "Build operations" [_thread_blocked, id=5868, stack(0x00000000217a0000,0x00000000218a0000)]
  0x000000001dde5000 JavaThread "Cache worker for cache directory md-rule (C:\Users\Admin\.gradle\caches\5.6.4\md-rule)" [_thread_blocked, id=10676, stack(0x00000000212a0000,0x00000000213a0000)]
  0x000000001dde4800 JavaThread "Cache worker for cache directory md-supplier (C:\Users\Admin\.gradle\caches\5.6.4\md-supplier)" [_thread_blocked, id=4240, stack(0x00000000211a0000,0x00000000212a0000)]
  0x000000001dde6000 JavaThread "Cache worker for file hash cache (C:\Users\Admin\AndroidStudioProjects\TI2_Proyecto\.gradle\5.6.4\fileHashes)" [_thread_blocked, id=10936, stack(0x0000000020ca0000,0x0000000020da0000)]
  0x000000001dde7800 JavaThread "Thread-134" [_thread_blocked, id=6180, stack(0x0000000020a80000,0x0000000020b80000)]
  0x000000001dddb800 JavaThread "Stdin handler" [_thread_blocked, id=10324, stack(0x0000000020980000,0x0000000020a80000)]
  0x000000001ddda800 JavaThread "Asynchronous log dispatcher for DefaultDaemonConnection: socket connection from /127.0.0.1:50210 to /127.0.0.1:51421" [_thread_in_native, id=11024, stack(0x0000000020270000,0x0000000020370000)]
  0x000000001dde1800 JavaThread "Daemon worker Thread 5" [_thread_blocked, id=14772, stack(0x000000001b350000,0x000000001b450000)]
  0x000000001ddd9000 JavaThread "Cancel handler" [_thread_blocked, id=4360, stack(0x000000001b050000,0x000000001b150000)]
  0x000000001dde0000 JavaThread "Handler for socket connection from /127.0.0.1:50210 to /127.0.0.1:51421" [_thread_in_native, id=4776, stack(0x000000001af50000,0x000000001b050000)]
  0x000000001dddd000 JavaThread "Daemon Thread 5" [_thread_blocked, id=8052, stack(0x000000001ac50000,0x000000001ad50000)]
  0x000000001dddf000 JavaThread "RMI TCP Connection(idle)" daemon [_thread_blocked, id=14048, stack(0x000000001ab50000,0x000000001ac50000)]
  0x000000001ddde800 JavaThread "RMI TCP Connection(idle)" daemon [_thread_blocked, id=12960, stack(0x00000000013c0000,0x00000000014c0000)]
  0x000000001dddc000 JavaThread "Cache worker for Java compile cache (C:\Users\Admin\.gradle\caches\5.6.4\javaCompile)" [_thread_blocked, id=11668, stack(0x0000000024fe0000,0x00000000250e0000)]
  0x000000001ddda000 JavaThread "RMI Reaper" [_thread_blocked, id=2272, stack(0x0000000024de0000,0x0000000024ee0000)]
  0x000000001dddd800 JavaThread "RMI TCP Accept-0" daemon [_thread_in_native, id=3176, stack(0x0000000024ce0000,0x0000000024de0000)]
  0x000000001d43b000 JavaThread "GC Daemon" daemon [_thread_blocked, id=8112, stack(0x00000000249e0000,0x0000000024ae0000)]
  0x000000001d43a000 JavaThread "RMI Scheduler(0)" daemon [_thread_blocked, id=8136, stack(0x00000000247e0000,0x00000000248e0000)]
  0x000000001d436800 JavaThread "Cache worker for file content cache (C:\Users\Admin\.gradle\caches\5.6.4\fileContent)" [_thread_blocked, id=6596, stack(0x00000000226d0000,0x00000000227d0000)]
  0x000000001d435800 JavaThread "Memory manager" [_thread_blocked, id=8388, stack(0x0000000021da0000,0x0000000021ea0000)]
  0x000000001d431000 JavaThread "Cache worker for execution history cache (C:\Users\Admin\.gradle\caches\5.6.4\executionHistory)" [_thread_blocked, id=13124, stack(0x0000000020ba0000,0x0000000020ca0000)]
  0x0000000019f32000 JavaThread "Cache worker for journal cache (C:\Users\Admin\.gradle\caches\journal-1)" [_thread_blocked, id=12012, stack(0x000000001b850000,0x000000001b950000)]
  0x0000000019f2f800 JavaThread "File lock request listener" [_thread_in_native, id=15356, stack(0x000000001b750000,0x000000001b850000)]
  0x0000000019f2d800 JavaThread "Cache worker for file hash cache (C:\Users\Admin\.gradle\caches\5.6.4\fileHashes)" [_thread_blocked, id=9280, stack(0x000000001b650000,0x000000001b750000)]
  0x0000000018f1a000 JavaThread "Daemon periodic checks" [_thread_blocked, id=9732, stack(0x000000001aa50000,0x000000001ab50000)]
  0x0000000018f19000 JavaThread "Incoming local TCP Connector on port 50210" [_thread_in_native, id=7072, stack(0x000000001a7e0000,0x000000001a8e0000)]
  0x000000001989b800 JavaThread "Daemon health stats" [_thread_blocked, id=8564, stack(0x000000001a1a0000,0x000000001a2a0000)]
  0x00000000183d5000 JavaThread "Service Thread" daemon [_thread_blocked, id=15180, stack(0x00000000187d0000,0x00000000188d0000)]
  0x0000000016abe000 JavaThread "C1 CompilerThread2" daemon [_thread_blocked, id=15068, stack(0x00000000182d0000,0x00000000183d0000)]
  0x0000000016aaf000 JavaThread "C2 CompilerThread1" daemon [_thread_in_native, id=11192, stack(0x00000000181d0000,0x00000000182d0000)]
=>0x0000000016a5d800 JavaThread "C2 CompilerThread0" daemon [_thread_in_native, id=9232, stack(0x00000000180d0000,0x00000000181d0000)]
  0x0000000016a5b000 JavaThread "Attach Listener" daemon [_thread_blocked, id=12348, stack(0x0000000017fd0000,0x00000000180d0000)]
  0x0000000016a59800 JavaThread "Signal Dispatcher" daemon [_thread_blocked, id=14672, stack(0x0000000017ed0000,0x0000000017fd0000)]
  0x000000000309b800 JavaThread "Finalizer" daemon [_thread_blocked, id=14560, stack(0x0000000017cb0000,0x0000000017db0000)]
  0x0000000016a49000 JavaThread "Reference Handler" daemon [_thread_blocked, id=15252, stack(0x0000000017bb0000,0x0000000017cb0000)]
  0x0000000002fa2800 JavaThread "main" [_thread_blocked, id=4072, stack(0x00000000016c0000,0x00000000017c0000)]

Other Threads:
  0x0000000016a27000 VMThread [stack: 0x0000000017ab0000,0x0000000017bb0000] [id=13308]
  0x00000000183e0800 WatcherThread [stack: 0x00000000188d0000,0x00000000189d0000] [id=12460]

VM state:not at safepoint (normal execution)

VM Mutex/Monitor currently owned by a thread: None

heap address: 0x00000000a0000000, size: 1536 MB, Compressed Oops mode: 32-bit
Narrow klass base: 0x0000000000000000, Narrow klass shift: 3
Compressed class space size: 1073741824 Address: 0x0000000100000000

Heap:
 PSYoungGen      total 408064K, used 145348K [0x00000000e0000000, 0x00000000ff180000, 0x0000000100000000)
  eden space 335872K, 39% used [0x00000000e0000000,0x00000000e817df40,0x00000000f4800000)
  from space 72192K, 17% used [0x00000000f4800000,0x00000000f54733c8,0x00000000f8e80000)
  to   space 69632K, 0% used [0x00000000fad80000,0x00000000fad80000,0x00000000ff180000)
 ParOldGen       total 295424K, used 152663K [0x00000000a0000000, 0x00000000b2080000, 0x00000000e0000000)
  object space 295424K, 51% used [0x00000000a0000000,0x00000000a9515cf0,0x00000000b2080000)
 Metaspace       used 88493K, capacity 92700K, committed 93056K, reserved 1130496K
  class space    used 11688K, capacity 12548K, committed 12672K, reserved 1048576K

Card table byte_map: [0x00000000124b0000,0x00000000127c0000] byte_map_base: 0x0000000011fb0000

Marking Bits: (ParMarkBitMap*) 0x0000000075049f30
 Begin Bits: [0x0000000012dc0000, 0x00000000145c0000)
 End Bits:   [0x00000000145c0000, 0x0000000015dc0000)

Polling page: 0x0000000001280000

CodeCache: size=245760Kb used=48261Kb max_used=48275Kb free=197498Kb
 bounds [0x00000000030f0000, 0x0000000006070000, 0x00000000120f0000]
 total_blobs=15298 nmethods=14416 adapters=793
 compilation: enabled

Compilation events (10 events):
Event: 2340.845 Thread 0x0000000016abe000 18246       3       java.security.MessageDigest$Delegate::engineUpdate (9 bytes)
Event: 2340.845 Thread 0x0000000016abe000 nmethod 18246 0x0000000004decf50 code [0x0000000004ded0c0, 0x0000000004ded2e8]
Event: 2340.898 Thread 0x0000000016aaf000 18248   !   4       org.gradle.internal.execution.steps.CaptureStateBeforeExecutionStep::lambda$fingerprintInputProperties$2 (95 bytes)
Event: 2340.930 Thread 0x0000000016aaf000 nmethod 18248 0x0000000005ba7310 code [0x0000000005ba74c0, 0x0000000005ba7ef8]
Event: 2341.287 Thread 0x0000000016aaf000 18249   !   4       sun.misc.URLClassPath::getURLs (35 bytes)
Event: 2341.297 Thread 0x0000000016aaf000 nmethod 18249 0x000000000604eb50 code [0x000000000604eca0, 0x000000000604f218]
Event: 2341.416 Thread 0x0000000016aaf000 18250       4       org.gradle.internal.resources.AbstractTrackedResourceLock::tryLock (69 bytes)
Event: 2341.524 Thread 0x0000000016aaf000 nmethod 18250 0x000000000605f2d0 code [0x000000000605f640, 0x0000000006061088]
Event: 2341.524 Thread 0x0000000016aaf000 18251       4       org.gradle.internal.resources.AbstractResourceLockRegistry$2::execute (9 bytes)
Event: 2341.538 Thread 0x0000000016aaf000 nmethod 18251 0x0000000005b7d610 code [0x0000000005b7d780, 0x0000000005b7dd08]

GC Heap History (10 events):
Event: 566.438 GC heap before
{Heap before GC invocations=23 (full 4):
 PSYoungGen      total 328704K, used 291630K [0x00000000e0000000, 0x00000000f9180000, 0x0000000100000000)
  eden space 267776K, 100% used [0x00000000e0000000,0x00000000f0580000,0x00000000f0580000)
  from space 60928K, 39% used [0x00000000f5600000,0x00000000f6d4bb40,0x00000000f9180000)
  to   space 71680K, 0% used [0x00000000f0580000,0x00000000f0580000,0x00000000f4b80000)
 ParOldGen       total 295424K, used 147979K [0x00000000a0000000, 0x00000000b2080000, 0x00000000e0000000)
  object space 295424K, 50% used [0x00000000a0000000,0x00000000a9082c30,0x00000000b2080000)
 Metaspace       used 86776K, capacity 90442K, committed 90752K, reserved 1128448K
  class space    used 11564K, capacity 12319K, committed 12416K, reserved 1048576K
Event: 566.601 GC heap after
Heap after GC invocations=23 (full 4):
 PSYoungGen      total 339456K, used 13817K [0x00000000e0000000, 0x00000000fb900000, 0x0000000100000000)
  eden space 267776K, 0% used [0x00000000e0000000,0x00000000e0000000,0x00000000f0580000)
  from space 71680K, 19% used [0x00000000f0580000,0x00000000f12fe420,0x00000000f4b80000)
  to   space 69632K, 0% used [0x00000000f7500000,0x00000000f7500000,0x00000000fb900000)
 ParOldGen       total 295424K, used 152631K [0x00000000a0000000, 0x00000000b2080000, 0x00000000e0000000)
  object space 295424K, 51% used [0x00000000a0000000,0x00000000a950dcf0,0x00000000b2080000)
 Metaspace       used 86776K, capacity 90442K, committed 90752K, reserved 1128448K
  class space    used 11564K, capacity 12319K, committed 12416K, reserved 1048576K
}
Event: 593.858 GC heap before
{Heap before GC invocations=24 (full 4):
 PSYoungGen      total 339456K, used 281593K [0x00000000e0000000, 0x00000000fb900000, 0x0000000100000000)
  eden space 267776K, 100% used [0x00000000e0000000,0x00000000f0580000,0x00000000f0580000)
  from space 71680K, 19% used [0x00000000f0580000,0x00000000f12fe420,0x00000000f4b80000)
  to   space 69632K, 0% used [0x00000000f7500000,0x00000000f7500000,0x00000000fb900000)
 ParOldGen       total 295424K, used 152631K [0x00000000a0000000, 0x00000000b2080000, 0x00000000e0000000)
  object space 295424K, 51% used [0x00000000a0000000,0x00000000a950dcf0,0x00000000b2080000)
 Metaspace       used 87345K, capacity 91058K, committed 91264K, reserved 1128448K
  class space    used 11615K, capacity 12415K, committed 12416K, reserved 1048576K
Event: 594.093 GC heap after
Heap after GC invocations=24 (full 4):
 PSYoungGen      total 374272K, used 58299K [0x00000000e0000000, 0x00000000fc400000, 0x0000000100000000)
  eden space 304640K, 0% used [0x00000000e0000000,0x00000000e0000000,0x00000000f2980000)
  from space 69632K, 83% used [0x00000000f7500000,0x00000000fadeec18,0x00000000fb900000)
  to   space 77312K, 0% used [0x00000000f2980000,0x00000000f2980000,0x00000000f7500000)
 ParOldGen       total 295424K, used 152639K [0x00000000a0000000, 0x00000000b2080000, 0x00000000e0000000)
  object space 295424K, 51% used [0x00000000a0000000,0x00000000a950fcf0,0x00000000b2080000)
 Metaspace       used 87345K, capacity 91058K, committed 91264K, reserved 1128448K
  class space    used 11615K, capacity 12415K, committed 12416K, reserved 1048576K
}
Event: 824.010 GC heap before
{Heap before GC invocations=25 (full 4):
 PSYoungGen      total 374272K, used 362939K [0x00000000e0000000, 0x00000000fc400000, 0x0000000100000000)
  eden space 304640K, 100% used [0x00000000e0000000,0x00000000f2980000,0x00000000f2980000)
  from space 69632K, 83% used [0x00000000f7500000,0x00000000fadeec18,0x00000000fb900000)
  to   space 77312K, 0% used [0x00000000f2980000,0x00000000f2980000,0x00000000f7500000)
 ParOldGen       total 295424K, used 152639K [0x00000000a0000000, 0x00000000b2080000, 0x00000000e0000000)
  object space 295424K, 51% used [0x00000000a0000000,0x00000000a950fcf0,0x00000000b2080000)
 Metaspace       used 87684K, capacity 91594K, committed 91904K, reserved 1128448K
  class space    used 11640K, capacity 12461K, committed 12544K, reserved 1048576K
Event: 824.083 GC heap after
Heap after GC invocations=25 (full 4):
 PSYoungGen      total 381952K, used 16010K [0x00000000e0000000, 0x00000000fe100000, 0x0000000100000000)
  eden space 304640K, 0% used [0x00000000e0000000,0x00000000e0000000,0x00000000f2980000)
  from space 77312K, 20% used [0x00000000f2980000,0x00000000f3922838,0x00000000f7500000)
  to   space 74752K, 0% used [0x00000000f9800000,0x00000000f9800000,0x00000000fe100000)
 ParOldGen       total 295424K, used 152647K [0x00000000a0000000, 0x00000000b2080000, 0x00000000e0000000)
  object space 295424K, 51% used [0x00000000a0000000,0x00000000a9511cf0,0x00000000b2080000)
 Metaspace       used 87684K, capacity 91594K, committed 91904K, reserved 1128448K
  class space    used 11640K, capacity 12461K, committed 12544K, reserved 1048576K
}
Event: 1111.190 GC heap before
{Heap before GC invocations=26 (full 4):
 PSYoungGen      total 381952K, used 320650K [0x00000000e0000000, 0x00000000fe100000, 0x0000000100000000)
  eden space 304640K, 100% used [0x00000000e0000000,0x00000000f2980000,0x00000000f2980000)
  from space 77312K, 20% used [0x00000000f2980000,0x00000000f3922838,0x00000000f7500000)
  to   space 74752K, 0% used [0x00000000f9800000,0x00000000f9800000,0x00000000fe100000)
 ParOldGen       total 295424K, used 152647K [0x00000000a0000000, 0x00000000b2080000, 0x00000000e0000000)
  object space 295424K, 51% used [0x00000000a0000000,0x00000000a9511cf0,0x00000000b2080000)
 Metaspace       used 88051K, capacity 92090K, committed 92160K, reserved 1128448K
  class space    used 11655K, capacity 12489K, committed 12544K, reserved 1048576K
Event: 1111.305 GC heap after
Heap after GC invocations=26 (full 4):
 PSYoungGen      total 398336K, used 14603K [0x00000000e0000000, 0x00000000fd500000, 0x0000000100000000)
  eden space 335872K, 0% used [0x00000000e0000000,0x00000000e0000000,0x00000000f4800000)
  from space 62464K, 23% used [0x00000000f9800000,0x00000000fa642cd0,0x00000000fd500000)
  to   space 72192K, 0% used [0x00000000f4800000,0x00000000f4800000,0x00000000f8e80000)
 ParOldGen       total 295424K, used 152655K [0x00000000a0000000, 0x00000000b2080000, 0x00000000e0000000)
  object space 295424K, 51% used [0x00000000a0000000,0x00000000a9513cf0,0x00000000b2080000)
 Metaspace       used 88051K, capacity 92090K, committed 92160K, reserved 1128448K
  class space    used 11655K, capacity 12489K, committed 12544K, reserved 1048576K
}
Event: 1117.771 GC heap before
{Heap before GC invocations=27 (full 4):
 PSYoungGen      total 398336K, used 350475K [0x00000000e0000000, 0x00000000fd500000, 0x0000000100000000)
  eden space 335872K, 100% used [0x00000000e0000000,0x00000000f4800000,0x00000000f4800000)
  from space 62464K, 23% used [0x00000000f9800000,0x00000000fa642cd0,0x00000000fd500000)
  to   space 72192K, 0% used [0x00000000f4800000,0x00000000f4800000,0x00000000f8e80000)
 ParOldGen       total 295424K, used 152655K [0x00000000a0000000, 0x00000000b2080000, 0x00000000e0000000)
  object space 295424K, 51% used [0x00000000a0000000,0x00000000a9513cf0,0x00000000b2080000)
 Metaspace       used 88088K, capacity 92090K, committed 92160K, reserved 1128448K
  class space    used 11655K, capacity 12489K, committed 12544K, reserved 1048576K
Event: 1117.834 GC heap after
Heap after GC invocations=27 (full 4):
 PSYoungGen      total 408064K, used 12748K [0x00000000e0000000, 0x00000000ff180000, 0x0000000100000000)
  eden space 335872K, 0% used [0x00000000e0000000,0x00000000e0000000,0x00000000f4800000)
  from space 72192K, 17% used [0x00000000f4800000,0x00000000f54733c8,0x00000000f8e80000)
  to   space 69632K, 0% used [0x00000000fad80000,0x00000000fad80000,0x00000000ff180000)
 ParOldGen       total 295424K, used 152663K [0x00000000a0000000, 0x00000000b2080000, 0x00000000e0000000)
  object space 295424K, 51% used [0x00000000a0000000,0x00000000a9515cf0,0x00000000b2080000)
 Metaspace       used 88088K, capacity 92090K, committed 92160K, reserved 1128448K
  class space    used 11655K, capacity 12489K, committed 12544K, reserved 1048576K
}

Deoptimization events (10 events):
Event: 1110.288 Thread 0x000000001dddb800 Uncommon trap: reason=class_check action=maybe_recompile pc=0x00000000042583d8 method=com.android.tools.r8.u.c.N.b(Lcom/android/tools/r8/graph/S;)V @ 315
Event: 1110.290 Thread 0x000000001dddb800 Uncommon trap: reason=class_check action=maybe_recompile pc=0x00000000042583d8 method=com.android.tools.r8.u.c.N.b(Lcom/android/tools/r8/graph/S;)V @ 315
Event: 1110.348 Thread 0x000000001dddb800 Uncommon trap: reason=class_check action=maybe_recompile pc=0x00000000042583d8 method=com.android.tools.r8.u.c.N.b(Lcom/android/tools/r8/graph/S;)V @ 315
Event: 1110.693 Thread 0x000000001dddb800 Uncommon trap: reason=unstable_if action=reinterpret pc=0x0000000004ae1494 method=java.util.TimSort.countRunAndMakeAscending([Ljava/lang/Object;IILjava/util/Comparator;)I @ 27
Event: 1111.041 Thread 0x000000001dddb800 Uncommon trap: reason=class_check action=maybe_recompile pc=0x000000000502e2a4 method=com.android.tools.r8.graph.u.collectMixedSectionItems(Lcom/android/tools/r8/dex/A;)V @ 2
Event: 1111.747 Thread 0x000000001c959000 Uncommon trap: reason=unstable_if action=reinterpret pc=0x00000000059a9a14 method=org.gradle.internal.execution.history.changes.SummarizingChangeContainer.accept(Lorg/gradle/internal/execution/history/changes/ChangeVisitor;)Z @ 56
Event: 1113.712 Thread 0x000000001dde4800 Uncommon trap: reason=unstable_if action=reinterpret pc=0x00000000033281fc method=com.android.tools.r8.graph.V.d()Ljava/util/List; @ 42
Event: 1117.879 Thread 0x000000001dde7800 Uncommon trap: reason=bimorphic action=maybe_recompile pc=0x00000000039481c8 method=com.google.common.collect.TransformedIterator.hasNext()Z @ 4
Event: 1118.794 Thread 0x000000001dddd000 Uncommon trap: reason=class_check action=maybe_recompile pc=0x00000000058a6084 method=java.io.Writer.append(Ljava/lang/CharSequence;)Ljava/io/Writer; @ 20
Event: 2341.557 Thread 0x000000001c953800 Uncommon trap: reason=unstable_if action=reinterpret pc=0x00000000045bf898 method=com.google.common.cache.LocalCache$Segment.runLockedCleanup(J)V @ 4

Classes redefined (0 events):
No events

Internal exceptions (10 events):
Event: 1096.876 Thread 0x000000001c959000 Exception <a 'sun/nio/fs/WindowsException'> (0x00000000e8d79878) thrown at [D:\src\AOSP-openjdk-cygwin\jdk8u\hotspot\src\share\vm\prims\jni.cpp, line 710]
Event: 1098.667 Thread 0x000000001dde0000 Exception <a 'java/lang/InterruptedException'> (0x00000000ef0d5e38) thrown at [D:\src\AOSP-openjdk-cygwin\jdk8u\hotspot\src\share\vm\runtime\objectMonitor.cpp, line 1680]
Event: 1110.277 Thread 0x000000001dddb800 Exception <a 'sun/nio/fs/WindowsException'> (0x00000000f1cb5580) thrown at [D:\src\AOSP-openjdk-cygwin\jdk8u\hotspot\src\share\vm\prims\jni.cpp, line 710]
Event: 1110.698 Thread 0x000000001dddb800 Exception <a 'sun/nio/fs/WindowsException'> (0x00000000f20e8fa0) thrown at [D:\src\AOSP-openjdk-cygwin\jdk8u\hotspot\src\share\vm\prims\jni.cpp, line 710]
Event: 1110.866 Thread 0x000000001dddb800 Exception <a 'sun/nio/fs/WindowsException'> (0x00000000f2171108) thrown at [D:\src\AOSP-openjdk-cygwin\jdk8u\hotspot\src\share\vm\prims\jni.cpp, line 710]
Event: 1110.926 Thread 0x000000001dddb800 Exception <a 'sun/nio/fs/WindowsException'> (0x00000000f21789f8) thrown at [D:\src\AOSP-openjdk-cygwin\jdk8u\hotspot\src\share\vm\prims\jni.cpp, line 710]
Event: 1111.044 Thread 0x000000001dddb800 Exception <a 'sun/nio/fs/WindowsException'> (0x00000000f2186fc0) thrown at [D:\src\AOSP-openjdk-cygwin\jdk8u\hotspot\src\share\vm\prims\jni.cpp, line 710]
Event: 1112.001 Thread 0x000000001dde4800 Exception <a 'sun/nio/fs/WindowsException'> (0x00000000e16198f8) thrown at [D:\src\AOSP-openjdk-cygwin\jdk8u\hotspot\src\share\vm\prims\jni.cpp, line 710]
Event: 1117.365 Thread 0x000000001dde3000 Exception <a 'sun/nio/fs/WindowsException'> (0x00000000f46363e8) thrown at [D:\src\AOSP-openjdk-cygwin\jdk8u\hotspot\src\share\vm\prims\jni.cpp, line 710]
Event: 2338.646 Thread 0x000000001dde1800 Exception <a 'sun/nio/fs/WindowsException'> (0x00000000e325bf40) thrown at [D:\src\AOSP-openjdk-cygwin\jdk8u\hotspot\src\share\vm\prims\jni.cpp, line 710]

Events (10 events):
Event: 2341.333 Executing VM operation: RevokeBias done
Event: 2341.334 Executing VM operation: RevokeBias
Event: 2341.335 Executing VM operation: RevokeBias done
Event: 2341.336 Executing VM operation: RevokeBias
Event: 2341.336 Executing VM operation: RevokeBias done
Event: 2341.342 Executing VM operation: RevokeBias
Event: 2341.343 Executing VM operation: RevokeBias done
Event: 2341.557 Thread 0x000000001c953800 Uncommon trap: trap_request=0xffffff65 fr.pc=0x00000000045bf898
Event: 2341.558 Thread 0x000000001c953800 DEOPT PACKING pc=0x00000000045bf898 sp=0x00000000254dd0b0
Event: 2341.558 Thread 0x000000001c953800 DEOPT UNPACKING pc=0x000000000313557b sp=0x00000000254dd068 mode 2


Dynamic libraries:
0x00007ff73d7c0000 - 0x00007ff73d7f1000 	C:\Program Files\Android\Android Studio\jre\bin\java.exe
0x00007ffbebac0000 - 0x00007ffbebcb0000 	C:\WINDOWS\SYSTEM32\ntdll.dll
0x00007ffbe9b70000 - 0x00007ffbe9c22000 	C:\WINDOWS\System32\KERNEL32.DLL
0x00007ffbe8f70000 - 0x00007ffbe9214000 	C:\WINDOWS\System32\KERNELBASE.dll
0x00007ffbeb940000 - 0x00007ffbeb9e3000 	C:\WINDOWS\System32\ADVAPI32.dll
0x00007ffbeb8a0000 - 0x00007ffbeb93e000 	C:\WINDOWS\System32\msvcrt.dll
0x00007ffbeb3b0000 - 0x00007ffbeb447000 	C:\WINDOWS\System32\sechost.dll
0x00007ffbeb460000 - 0x00007ffbeb580000 	C:\WINDOWS\System32\RPCRT4.dll
0x00007ffbeb210000 - 0x00007ffbeb3a4000 	C:\WINDOWS\System32\USER32.dll
0x00007ffbe8cf0000 - 0x00007ffbe8d11000 	C:\WINDOWS\System32\win32u.dll
0x00007ffbeb660000 - 0x00007ffbeb686000 	C:\WINDOWS\System32\GDI32.dll
0x00007ffbe8b50000 - 0x00007ffbe8ce4000 	C:\WINDOWS\System32\gdi32full.dll
0x00007ffbe8ed0000 - 0x00007ffbe8f6e000 	C:\WINDOWS\System32\msvcp_win.dll
0x00007ffbe8dd0000 - 0x00007ffbe8eca000 	C:\WINDOWS\System32\ucrtbase.dll
0x00007ffbe7e90000 - 0x00007ffbe8114000 	C:\WINDOWS\WinSxS\amd64_microsoft.windows.common-controls_6595b64144ccf1df_6.0.18362.836_none_e6c4b943130f18ed\COMCTL32.dll
0x00007ffbe9dd0000 - 0x00007ffbea106000 	C:\WINDOWS\System32\combase.dll
0x00007ffbe8ad0000 - 0x00007ffbe8b50000 	C:\WINDOWS\System32\bcryptPrimitives.dll
0x00007ffbeac40000 - 0x00007ffbeac6e000 	C:\WINDOWS\System32\IMM32.DLL
0x00000000747a0000 - 0x0000000074872000 	C:\Program Files\Android\Android Studio\jre\jre\bin\msvcr100.dll
0x0000000074880000 - 0x00000000750c6000 	C:\Program Files\Android\Android Studio\jre\jre\bin\server\jvm.dll
0x00007ffbeb650000 - 0x00007ffbeb658000 	C:\WINDOWS\System32\PSAPI.DLL
0x00007ffbd4f20000 - 0x00007ffbd4f29000 	C:\WINDOWS\SYSTEM32\WSOCK32.dll
0x00007ffbeb190000 - 0x00007ffbeb1ff000 	C:\WINDOWS\System32\WS2_32.dll
0x00007ffbe3390000 - 0x00007ffbe33b4000 	C:\WINDOWS\SYSTEM32\WINMM.dll
0x00007ffbe5f30000 - 0x00007ffbe5f3a000 	C:\WINDOWS\SYSTEM32\VERSION.dll
0x00007ffbe3360000 - 0x00007ffbe338d000 	C:\WINDOWS\SYSTEM32\WINMMBASE.dll
0x00007ffbe8a50000 - 0x00007ffbe8a9a000 	C:\WINDOWS\System32\cfgmgr32.dll
0x00007ffbaedc0000 - 0x00007ffbaedcf000 	C:\Program Files\Android\Android Studio\jre\jre\bin\verify.dll
0x00007ffb9f100000 - 0x00007ffb9f129000 	C:\Program Files\Android\Android Studio\jre\jre\bin\java.dll
0x00007ffbab000000 - 0x00007ffbab016000 	C:\Program Files\Android\Android Studio\jre\jre\bin\zip.dll
0x00007ffbea110000 - 0x00007ffbea7f4000 	C:\WINDOWS\System32\SHELL32.dll
0x00007ffbeb0e0000 - 0x00007ffbeb189000 	C:\WINDOWS\System32\shcore.dll
0x00007ffbe9220000 - 0x00007ffbe999e000 	C:\WINDOWS\System32\windows.storage.dll
0x00007ffbe8a20000 - 0x00007ffbe8a43000 	C:\WINDOWS\System32\profapi.dll
0x00007ffbe89b0000 - 0x00007ffbe89fa000 	C:\WINDOWS\System32\powrprof.dll
0x00007ffbe8980000 - 0x00007ffbe8990000 	C:\WINDOWS\System32\UMPDC.dll
0x00007ffbeb690000 - 0x00007ffbeb6e2000 	C:\WINDOWS\System32\shlwapi.dll
0x00007ffbe8990000 - 0x00007ffbe89a1000 	C:\WINDOWS\System32\kernel.appcore.dll
0x00007ffbe9b50000 - 0x00007ffbe9b67000 	C:\WINDOWS\System32\cryptsp.dll
0x00007ffb9f0e0000 - 0x00007ffb9f0fa000 	C:\Program Files\Android\Android Studio\jre\jre\bin\net.dll
0x00007ffbd6eb0000 - 0x00007ffbd7086000 	C:\WINDOWS\SYSTEM32\urlmon.dll
0x00007ffbd88b0000 - 0x00007ffbd8b56000 	C:\WINDOWS\SYSTEM32\iertutil.dll
0x00007ffbe7d40000 - 0x00007ffbe7d4c000 	C:\WINDOWS\SYSTEM32\CRYPTBASE.DLL
0x00007ffbe7b70000 - 0x00007ffbe7bd7000 	C:\WINDOWS\system32\mswsock.dll
0x00007ffb9f0c0000 - 0x00007ffb9f0d3000 	C:\Program Files\Android\Android Studio\jre\jre\bin\nio.dll
0x00007ffb92c10000 - 0x00007ffb92c36000 	C:\Users\Admin\.gradle\native\30\windows-amd64\native-platform.dll
0x00007ffb9f0b0000 - 0x00007ffb9f0bd000 	C:\Program Files\Android\Android Studio\jre\jre\bin\management.dll
0x00007ffbe76e0000 - 0x00007ffbe7713000 	C:\WINDOWS\system32\rsaenh.dll
0x00007ffbe8aa0000 - 0x00007ffbe8ac6000 	C:\WINDOWS\System32\bcrypt.dll
0x00007ffbe8870000 - 0x00007ffbe8895000 	C:\WINDOWS\SYSTEM32\USERENV.dll
0x00007ffbe7880000 - 0x00007ffbe78ba000 	C:\WINDOWS\SYSTEM32\IPHLPAPI.DLL
0x00007ffbeb200000 - 0x00007ffbeb208000 	C:\WINDOWS\System32\NSI.dll
0x00007ffbdd5d0000 - 0x00007ffbdd5e6000 	C:\WINDOWS\SYSTEM32\dhcpcsvc6.DLL
0x00007ffbde530000 - 0x00007ffbde54c000 	C:\WINDOWS\SYSTEM32\dhcpcsvc.DLL
0x00007ffbe78c0000 - 0x00007ffbe798b000 	C:\WINDOWS\SYSTEM32\DNSAPI.dll
0x00007ffbdf330000 - 0x00007ffbdf34e000 	C:\Users\Admin\AppData\Local\Temp\native-platform1642449786247060934dir\native-platform.dll
0x00007ffbe5b30000 - 0x00007ffbe5bbf000 	C:\WINDOWS\system32\apphelp.dll
0x00007ffbe84a0000 - 0x00007ffbe8694000 	C:\WINDOWS\SYSTEM32\dbghelp.dll

VM Arguments:
jvm_args: -Xmx1536m -Dfile.encoding=windows-1252 -Duser.country=US -Duser.language=es -Duser.variant 
java_command: org.gradle.launcher.daemon.bootstrap.GradleDaemon 5.6.4
java_class_path (initial): C:\Users\Admin\.gradle\wrapper\dists\gradle-5.6.4-all\ankdp27end7byghfw1q2sw75f\gradle-5.6.4\lib\gradle-launcher-5.6.4.jar
Launcher Type: SUN_STANDARD

Environment Variables:
PATH=C:\Python27\;C:\Python27\Scripts;C:\ProgramData\Oracle\Java\javapath;C:\Program Files (x86)\Intel\iCLS Client\;C:\Program Files\Intel\iCLS Client\;C:\WINDOWS\system32;C:\WINDOWS;C:\WINDOWS\System32\Wbem;C:\WINDOWS\System32\WindowsPowerShell\v1.0\;C:\Program Files (x86)\Intel\Intel(R) Management Engine Components\DAL;C:\Program Files\Intel\Intel(R) Management Engine Components\DAL;C:\Program Files (x86)\Intel\Intel(R) Management Engine Components\IPT;C:\Program Files\Intel\Intel(R) Management Engine Components\IPT;C:\WINDOWS\System32\OpenSSH\;C:\Program Files\Microsoft SQL Server\Client SDK\ODBC\130\Tools\Binn\;C:\Program Files (x86)\Microsoft SQL Server\140\Tools\Binn\;C:\Program Files\Microsoft SQL Server\140\Tools\Binn\;C:\Program Files\Microsoft SQL Server\140\DTS\Binn\;C:\Program Files (x86)\Microsoft SQL Server\150\DTS\Binn\;C:\Program Files\Microsoft SQL Server\130\Tools\Binn\;C:\Program Files\Microsoft SQL Server\Client SDK\ODBC\170\Tools\Binn\;C:\ProgramData\chocolatey\bin;C:\Program Files\dotnet\;C:\Program Files\Intel\WiFi\bin\;C:\Program Files\Common Files\Intel\WirelessCommon\;C:\Program Files\Git\cmd;C:\Program Files\MySQL\MySQL Shell 8.0\bin\;C:\Users\Admin\AppData\Local\Programs\Microsoft VS Code\bin;C:\Users\Admin\AppData\Local\GitHubDesktop\bin
USERNAME=Admin
OS=Windows_NT
PROCESSOR_IDENTIFIER=Intel64 Family 6 Model 61 Stepping 4, GenuineIntel



---------------  S Y S T E M  ---------------

OS: Windows 10.0 , 64 bit Build 18362 (10.0.18362.778)

CPU:total 4 (initial active 4) (2 cores per cpu, 2 threads per core) family 6 model 61 stepping 4, cmov, cx8, fxsr, mmx, sse, sse2, sse3, ssse3, sse4.1, sse4.2, popcnt, avx, avx2, aes, clmul, erms, rtm, 3dnowpref, lzcnt, ht, tsc, tscinvbit, bmi1, bmi2, adx

Memory: 4k page, physical 8265856k(1013252k free), swap 14879816k(2212164k free)

vm_info: OpenJDK 64-Bit Server VM (25.212-b04) for windows-amd64 JRE (1.8.0_212-release-1586-b04), built by "builder" with MS VC++ 10.0 (VS2010)

time: Fri Jun 12 20:35:40 2020
timezone: Hora de ver. Pacífico (México)
elapsed time: 2341 seconds (0d 0h 39m 1s)

